<?xml version="1.0" encoding="UTF-8"?>
<!-- Generated by org.testng.reporters.JUnitXMLReporter -->
<testsuite hostname="LAPTOP-49HIEEMJ" ignored="0" name="Default test" tests="2" failures="0" timestamp="04 Jun 2020 03:31:03 GMT" time="46.08" errors="0">
  <testcase name="runScenario" time="45.362" classname="io.cucumber.testng.AbstractTestNGCucumberTests"/>
  <testcase name="runScenario" time="0.017" classname="io.cucumber.testng.AbstractTestNGCucumberTests"/>
</testsuite> <!-- Default test -->
