<?xml version="1.0" encoding="UTF-8"?>
<testng-results skipped="0" failed="0" ignored="0" total="2" passed="2">
  <reporter-output>
  </reporter-output>
  <suite name="Default suite" duration-ms="46080" started-at="2020-06-04T03:30:17Z" finished-at="2020-06-04T03:31:03Z">
    <groups>
      <group name="cucumber">
        <method signature="AbstractTestNGCucumberTests.runScenario(io.cucumber.testng.PickleEventWrapper, io.cucumber.testng.CucumberFeatureWrapper)[pri:0, instance:testsuites.MercuryTest@685cb137]" name="runScenario" class="io.cucumber.testng.AbstractTestNGCucumberTests"/>
      </group> <!-- cucumber -->
    </groups>
    <test name="Default test" duration-ms="46080" started-at="2020-06-04T03:30:17Z" finished-at="2020-06-04T03:31:03Z">
      <class name="testsuites.MercuryTest">
        <test-method status="PASS" signature="setUpClass()[pri:0, instance:testsuites.MercuryTest@685cb137]" name="setUpClass" is-config="true" duration-ms="392" started-at="2020-06-04T03:30:17Z" finished-at="2020-06-04T03:30:17Z">
          <reporter-output>
          </reporter-output>
        </test-method> <!-- setUpClass -->
        <test-method status="PASS" signature="runScenario(io.cucumber.testng.PickleEventWrapper, io.cucumber.testng.CucumberFeatureWrapper)[pri:0, instance:testsuites.MercuryTest@685cb137]" name="runScenario" duration-ms="45362" started-at="2020-06-04T03:30:17Z" description="Runs Cucumber Scenarios" data-provider="scenarios" finished-at="2020-06-04T03:31:03Z">
          <params>
            <param index="0">
              <value>
                <![CDATA["Login with Valid user credentials"]]>
              </value>
            </param>
            <param index="1">
              <value>
                <![CDATA["Mercury Tours login"]]>
              </value>
            </param>
          </params>
          <reporter-output>
          </reporter-output>
        </test-method> <!-- runScenario -->
        <test-method status="PASS" signature="runScenario(io.cucumber.testng.PickleEventWrapper, io.cucumber.testng.CucumberFeatureWrapper)[pri:0, instance:testsuites.MercuryTest@685cb137]" name="runScenario" duration-ms="17" started-at="2020-06-04T03:31:03Z" description="Runs Cucumber Scenarios" data-provider="scenarios" finished-at="2020-06-04T03:31:03Z">
          <params>
            <param index="0">
              <value>
                <![CDATA["Select Flight Details"]]>
              </value>
            </param>
            <param index="1">
              <value>
                <![CDATA["Mercury Tours login"]]>
              </value>
            </param>
          </params>
          <reporter-output>
          </reporter-output>
        </test-method> <!-- runScenario -->
        <test-method status="PASS" signature="tearDownClass()[pri:0, instance:testsuites.MercuryTest@685cb137]" name="tearDownClass" is-config="true" duration-ms="144" started-at="2020-06-04T03:31:03Z" finished-at="2020-06-04T03:31:03Z">
          <reporter-output>
          </reporter-output>
        </test-method> <!-- tearDownClass -->
      </class> <!-- testsuites.MercuryTest -->
    </test> <!-- Default test -->
  </suite> <!-- Default suite -->
</testng-results>
